[debug] [2021-10-22T16:19:38.899Z] ----------------------------------------------------------------------
[debug] [2021-10-22T16:19:38.901Z] Command:       /usr/local/bin/node /usr/local/bin/firebase emulators:start
[debug] [2021-10-22T16:19:38.902Z] CLI Version:   9.21.0
[debug] [2021-10-22T16:19:38.902Z] Platform:      darwin
[debug] [2021-10-22T16:19:38.902Z] Node Version:  v16.11.1
[debug] [2021-10-22T16:19:38.903Z] Time:          Fri Oct 22 2021 11:19:38 GMT-0500 (Central Daylight Time)
[debug] [2021-10-22T16:19:38.903Z] ----------------------------------------------------------------------
[debug] 
[debug] [2021-10-22T16:19:38.957Z] > command requires scopes: ["email","openid","https://www.googleapis.com/auth/cloudplatformprojects.readonly","https://www.googleapis.com/auth/firebase","https://www.googleapis.com/auth/cloud-platform"]
[debug] [2021-10-22T16:19:38.957Z] > authorizing via signed-in user (paulvmore@gmail.com)
[info] i  emulators: Starting emulators: hosting {"metadata":{"emulator":{"name":"hub"},"message":"Starting emulators: hosting"}}
[debug] [2021-10-22T16:19:38.982Z] [hub] writing locator at /var/folders/90/p8fccrgd4y56q82nbvdk5s980000gn/T/hub-skill-demo-41dd3.json
[debug] [2021-10-22T16:19:39.058Z] > refreshing access token with scopes: []
[debug] [2021-10-22T16:19:39.059Z] >>> HTTP REQUEST POST https://www.googleapis.com/oauth2/v3/token  
 <request body omitted>
[debug] [2021-10-22T16:19:39.159Z] <<< HTTP RESPONSE 200 {"date":"Fri, 22 Oct 2021 16:19:39 GMT","cache-control":"no-cache, no-store, max-age=0, must-revalidate","pragma":"no-cache","expires":"Mon, 01 Jan 1990 00:00:00 GMT","content-type":"application/json; charset=utf-8","vary":"X-Origin, Referer, Origin,Accept-Encoding","server":"scaffolding on HTTPServer2","x-xss-protection":"0","x-frame-options":"SAMEORIGIN","x-content-type-options":"nosniff","alt-svc":"h3=\":443\"; ma=2592000,h3-29=\":443\"; ma=2592000,h3-Q050=\":443\"; ma=2592000,h3-Q046=\":443\"; ma=2592000,h3-Q043=\":443\"; ma=2592000","accept-ranges":"none","transfer-encoding":"chunked"}
[debug] [2021-10-22T16:19:39.185Z] >>> [apiv2][query] GET https://firebasehosting.googleapis.com/v1beta1/projects/skill-demo-41dd3/sites 
[debug] [2021-10-22T16:19:39.395Z] <<< [apiv2][status] GET https://firebasehosting.googleapis.com/v1beta1/projects/skill-demo-41dd3/sites 200
[debug] [2021-10-22T16:19:39.395Z] <<< [apiv2][body] GET https://firebasehosting.googleapis.com/v1beta1/projects/skill-demo-41dd3/sites {"sites":[{"name":"projects/542168834515/sites/skill-demo-41dd3","defaultUrl":"https://skill-demo-41dd3.web.app","type":"DEFAULT_SITE"}]}
[debug] [2021-10-22T16:19:39.396Z] >>> [apiv2][query] GET https://firebase.googleapis.com/v1beta1/projects/skill-demo-41dd3/webApps/-/config [none]
[debug] [2021-10-22T16:19:39.638Z] <<< [apiv2][status] GET https://firebase.googleapis.com/v1beta1/projects/skill-demo-41dd3/webApps/-/config 200
[debug] [2021-10-22T16:19:39.638Z] <<< [apiv2][body] GET https://firebase.googleapis.com/v1beta1/projects/skill-demo-41dd3/webApps/-/config {"projectId":"skill-demo-41dd3","storageBucket":"skill-demo-41dd3.appspot.com","apiKey":"AIzaSyBi0LvdNZleOvpPpZv9EXsQ9YqQ-aZRcaM","authDomain":"skill-demo-41dd3.firebaseapp.com","messagingSenderId":"542168834515"}
[info] i  hosting: Serving hosting files from: src {"metadata":{"emulator":{"name":"hosting"},"message":"Serving hosting files from: \u001b[1msrc\u001b[22m"}}
[info] ✔  hosting: Local server: http://localhost:5000 {"metadata":{"emulator":{"name":"hosting"},"message":"Local server: \u001b[4m\u001b[1mhttp://localhost:5000\u001b[22m\u001b[24m"}}
[warn] ⚠  emulators: The Emulator UI requires a project ID to start. Configure your default project with 'firebase use' or pass the --project flag. {"metadata":{"emulator":{"name":"hub"},"message":"The Emulator UI requires a project ID to start. Configure your default project with 'firebase use' or pass the --project flag."}}
[info] 
┌─────────────────────────────────────────────────────────────┐
│ ✔  All emulators ready! It is now safe to connect your app. │
└─────────────────────────────────────────────────────────────┘

┌──────────┬────────────────┐
│ Emulator │ Host:Port      │
├──────────┼────────────────┤
│ Hosting  │ localhost:5000 │
└──────────┴────────────────┘
  Emulator Hub running at localhost:4400
  Other reserved ports: None

Issues? Report them at https://github.com/firebase/firebase-tools/issues and attach the *-debug.log files.
 
[info] i  hosting: 127.0.0.1 - - [22/Oct/2021:16:20:07 +0000] "GET / HTTP/1.1" 200 577 "-" "Mozilla/5.0 (Macintosh; Intel Mac OS X 10_15_7) AppleWebKit/537.36 (KHTML, like Gecko) Chrome/94.0.4606.81 Safari/537.36" {"metadata":{"emulator":{"name":"hosting"},"message":"127.0.0.1 - - [22/Oct/2021:16:20:07 +0000] \"GET / HTTP/1.1\" 200 577 \"-\" \"Mozilla/5.0 (Macintosh; Intel Mac OS X 10_15_7) AppleWebKit/537.36 (KHTML, like Gecko) Chrome/94.0.4606.81 Safari/537.36\""}}
[info] i  hosting: 127.0.0.1 - - [22/Oct/2021:16:20:07 +0000] "GET /favicon.ico HTTP/1.1" 200 948 "http://localhost:5000/" "Mozilla/5.0 (Macintosh; Intel Mac OS X 10_15_7) AppleWebKit/537.36 (KHTML, like Gecko) Chrome/94.0.4606.81 Safari/537.36" {"metadata":{"emulator":{"name":"hosting"},"message":"127.0.0.1 - - [22/Oct/2021:16:20:07 +0000] \"GET /favicon.ico HTTP/1.1\" 200 948 \"http://localhost:5000/\" \"Mozilla/5.0 (Macintosh; Intel Mac OS X 10_15_7) AppleWebKit/537.36 (KHTML, like Gecko) Chrome/94.0.4606.81 Safari/537.36\""}}
[info] i  hosting: 127.0.0.1 - - [22/Oct/2021:16:20:17 +0000] "GET /network HTTP/1.1" 200 577 "-" "Mozilla/5.0 (Macintosh; Intel Mac OS X 10_15_7) AppleWebKit/537.36 (KHTML, like Gecko) Chrome/94.0.4606.81 Safari/537.36" {"metadata":{"emulator":{"name":"hosting"},"message":"127.0.0.1 - - [22/Oct/2021:16:20:17 +0000] \"GET /network HTTP/1.1\" 200 577 \"-\" \"Mozilla/5.0 (Macintosh; Intel Mac OS X 10_15_7) AppleWebKit/537.36 (KHTML, like Gecko) Chrome/94.0.4606.81 Safari/537.36\""}}
